<?xml version="1.0" encoding="UTF-8"?>
<!-- Generated by org.testng.reporters.JUnitReportReporter -->
<testsuite hostname="DESKTOP-QFEPPMH" failures="0" tests="3" name="listners.TestngListnersdemo" time="5.191" errors="0" timestamp="2022-01-19T20:54:19 IST" skipped="1">
  <testcase classname="listners.TestngListnersdemo" name="test1" time="0.100"/>
  <system-out/>
  <testcase classname="listners.TestngListnersdemo" name="test2" time="5.085"/>
  <system-out/>
  <testcase classname="listners.TestngListnersdemo" name="test3" time="0.006">
    <skipped/>
  </testcase> <!-- test3 -->
  <system-out/>
</testsuite> <!-- listners.TestngListnersdemo -->
